<?xml version="1.0" encoding="UTF-8"?>
<testsuite name="com.thoughtworks.collection.StreamFilterTest" tests="1" skipped="0" failures="0" errors="0" timestamp="2021-12-01T03:51:24" hostname="PANGNI-W10" time="0.035">
  <properties/>
  <testcase name="should_return_even()" classname="com.thoughtworks.collection.StreamFilterTest" time="0.035"/>
  <system-out><![CDATA[]]></system-out>
  <system-err><![CDATA[]]></system-err>
</testsuite>
